<?xml version="1.0" encoding="UTF-8" ?>
<testsuite errors="0" failures="0" hostname="CPX-Y7P67YM363F" name="com.mycompany.app.AppTest" skipped="0" tests="2" time="0.076" timestamp="2018-01-15T13:55:11">
  <properties>
[...]
</properties>
  <testcase classname="com.mycompany.app.AppTest" name="testAppMain" time="0.004" />
  <testcase classname="com.mycompany.app.AppTest" name="testAppConstructor" time="0.0" />
  <system-out><![CDATA[]]></system-out>
  <system-err><![CDATA[]]></system-err>
</testsuite>
